<?xml version="1.0" encoding="UTF-8"?>
<testsuite xmlns:xsi="http://www.w3.org/2001/XMLSchema-instance" xsi:noNamespaceSchemaLocation="https://maven.apache.org/surefire/maven-surefire-plugin/xsd/surefire-test-report.xsd" version="3.0.1" name="com.anxobo.PersonTest" time="0.092" tests="6" errors="0" skipped="0" failures="0">
  <properties>
[...]
</properties>
  <testcase name="testGetName" classname="com.anxobo.PersonTest" time="0.033"/>
  <testcase name="testSetGender" classname="com.anxobo.PersonTest" time="0.003"/>
  <testcase name="testGetGender" classname="com.anxobo.PersonTest" time="0.001"/>
  <testcase name="testGetAge" classname="com.anxobo.PersonTest" time="0.001"/>
  <testcase name="testSetName" classname="com.anxobo.PersonTest" time="0.001"/>
  <testcase name="testSetAge" classname="com.anxobo.PersonTest" time="0.001"/>
</testsuite>